"../../../../WorkSpace/VRMobileGame/Content/AdvancedMagicFX12/Meshes/SK_ky_bigSword_anim_Skeleton.uasset" 0
"../../../Engine/Content/Functions/Engine_MaterialFunctions01/Gradient/LinearGradient.uasset" 1
"../../../Engine/Content/EngineResources/DefaultTexture.uasset" 2
"../../../../WorkSpace/VRMobileGame/Content/AdvancedMagicFX12/Textures/T_ky_maskRGB3.uasset" 3
"../../../../WorkSpace/VRMobileGame/Content/AdvancedMagicFX12/Materials/Mfunction/MF_ky_addHilight.uasset" 4
"../../../../WorkSpace/VRMobileGame/Content/AdvancedMagicFX12/Textures/T_ky_noise16.uasset" 5
"../../../../WorkSpace/VRMobileGame/Content/AdvancedMagicFX12/Textures/T_ky_noise4.uasset" 6
"../../../../WorkSpace/VRMobileGame/Content/AdvancedMagicFX12/Textures/T_ky_noise6.uasset" 7
"../../../../WorkSpace/VRMobileGame/Content/AdvancedMagicFX12/Materials/M_ky_trail_sword_attribute.uasset" 8
"../../../../WorkSpace/VRMobileGame/Content/AdvancedMagicFX12/Materials/MI_ky_trail_sword_ice.uasset" 9
"../../../../WorkSpace/VRMobileGame/Content/AdvancedMagicFX12/Particles/P_ky_trail_ice.uasset" 10
"../../../Engine/Content/Functions/Engine_MaterialFunctions01/Density/ExponentialDensity.uasset" 11
"../../../Engine/Content/Functions/Engine_MaterialFunctions01/Gradient/DiamondGradient.uasset" 12
"../../../Engine/Content/Functions/Engine_MaterialFunctions01/Gradient/RadialGradientExponential.uasset" 13
"../../../Engine/Content/EditorMaterials/Cascade/CASC_Cross.uasset" 14
"../../../Engine/Content/EditorMaterials/Cascade/CASC_None.uasset" 15
"../../../Engine/Content/Functions/Engine_MaterialFunctions03/Blends/Blend_Screen.uasset" 16
"../../../../WorkSpace/VRMobileGame/Content/AdvancedMagicFX12/Textures/T_ky_dust_longStar.uasset" 17
"../../../../WorkSpace/VRMobileGame/Content/AdvancedMagicFX12/Materials/M_ky_starDust.uasset" 18
"../../../../WorkSpace/VRMobileGame/Content/AdvancedMagicFX12/Materials/MI_ky_starDust_sq.uasset" 19
"../../../../WorkSpace/VRMobileGame/Content/AdvancedMagicFX12/Textures/T_ky_dist_noise.uasset" 20
"../../../../WorkSpace/VRMobileGame/Content/AdvancedMagicFX12/Textures/T_ky_smoke_kai.uasset" 21
"../../../../WorkSpace/VRMobileGame/Content/AdvancedMagicFX12/Materials/M_ky_base_turbulence.uasset" 22
"../../../../WorkSpace/VRMobileGame/Content/AdvancedMagicFX12/Materials/MI_ky_turbulence_smoke2d_trs.uasset" 23
"../../../../WorkSpace/VRMobileGame/Content/AdvancedMagicFX12/Particles/P_ky_trail_iceDust.uasset" 24
"../../../../WorkSpace/VRMobileGame/Content/AdvancedMagicFX12/Animations/AS_sword_ice.uasset" 25
"../../../../WorkSpace/VRMobileGame/Content/AdvancedMagicFX12/Animations/ice.uasset" 26
"../../../Engine/Content/Functions/Engine_MaterialFunctions01/Opacity/CameraDepthFade.uasset" 27
"../../../Engine/Content/EngineMaterials/T_Default_Material_Grid_M.uasset" 28
"../../../Engine/Content/EngineMaterials/T_Default_Material_Grid_N.uasset" 29
"../../../Engine/Content/EngineMaterials/WorldGridMaterial.uasset" 30
"../../../../WorkSpace/VRMobileGame/Content/AdvancedMagicFX12/Meshes/SM_ky_sphere.uasset" 31
"../../../../WorkSpace/VRMobileGame/Content/BluePrint/InterFace.uasset" 32
"../../../../WorkSpace/VRMobileGame/Content/Character/Standing_Melee_Attack_Downward_Skeleton.uasset" 33
"../../../../WorkSpace/VRMobileGame/Content/Character/FastAttack.uasset" 34
"../../../../WorkSpace/VRMobileGame/Content/Character/Great_Sword_Idle.uasset" 35
"../../../../WorkSpace/VRMobileGame/Content/Character/Great_Sword_Slash.uasset" 36
"../../../../WorkSpace/VRMobileGame/Content/Character/Idle.uasset" 37
"../../../../WorkSpace/VRMobileGame/Content/Character/SwordIdle.uasset" 38
"../../../../WorkSpace/VRMobileGame/Content/BluePrint/GamemodeVR.uasset" 39
"../../../../WorkSpace/VRMobileGame/Content/AdvancedMagicFX12/Materials/Mfunction/MF_ky_UVcontrol_4x4.uasset" 40
"../../../../WorkSpace/VRMobileGame/Content/AdvancedMagicFX12/Textures/T_ky_dust02uni_4x4.uasset" 41
"../../../../WorkSpace/VRMobileGame/Content/AdvancedMagicFX12/Materials/M_ky_dust02uni_4x4.uasset" 42
"../../../../WorkSpace/VRMobileGame/Content/AdvancedMagicFX12/Textures/T_ky_noise3.uasset" 43
"../../../../WorkSpace/VRMobileGame/Content/AdvancedMagicFX12/Materials/M_ky_dynDust.uasset" 44
"../../../../WorkSpace/VRMobileGame/Content/AdvancedMagicFX12/Textures/T_ky_smoke2.uasset" 45
"../../../../WorkSpace/VRMobileGame/Content/AdvancedMagicFX12/Materials/MI_ky_dynDust.uasset" 46
"../../../../WorkSpace/VRMobileGame/Content/AdvancedMagicFX12/Materials/M_ky_shockwave07.uasset" 47
"../../../../WorkSpace/VRMobileGame/Content/AdvancedMagicFX12/Materials/MI_ky_shockwave07_fire.uasset" 48
"../../../../WorkSpace/VRMobileGame/Content/AdvancedMagicFX12/Meshes/SM_ky_circle_midpoly.uasset" 49
"../../../../WorkSpace/VRMobileGame/Content/AdvancedMagicFX12/Meshes/SM_ky_quad_centerRot.uasset" 50
"../../../../WorkSpace/VRMobileGame/Content/AdvancedMagicFX12/Particles/P_ky_hit_fire.uasset" 51
"../../../../WorkSpace/VRMobileGame/Content/AdvancedMagicFX12/Materials/M_ky_empty.uasset" 52
"../../../../WorkSpace/VRMobileGame/Content/AdvancedMagicFX12/Materials/M_ky_aura14.uasset" 53
"../../../../WorkSpace/VRMobileGame/Content/AdvancedMagicFX12/Materials/MI_ky_aura14_fire.uasset" 54
"../../../Engine/Content/Functions/Engine_MaterialFunctions02/Fresnel_Function.uasset" 55
"../../../../WorkSpace/VRMobileGame/Content/AdvancedMagicFX12/Materials/M_ky_primitive.uasset" 56
"../../../../WorkSpace/VRMobileGame/Content/AdvancedMagicFX12/Materials/MI_ky_primitive2c.uasset" 57
"../../../../WorkSpace/VRMobileGame/Content/AdvancedMagicFX12/Meshes/SM_ky_cylinderBend04.uasset" 58
"../../../../WorkSpace/VRMobileGame/Content/AdvancedMagicFX12/Meshes/SM_ky_sphereHarf03.uasset" 59
"../../../../WorkSpace/VRMobileGame/Content/AdvancedMagicFX12/Particles/P_ky_shot_fire.uasset" 60
"../../../Engine/Content/Functions/Engine_MaterialFunctions02/Utility/VectorToRadialValue.uasset" 61
"../../../../WorkSpace/VRMobileGame/Content/Widget/Material/ConicalGradient.uasset" 62
"../../../../WorkSpace/VRMobileGame/Content/Widget/Material/Mat_CIrcle.uasset" 63
"../../../../WorkSpace/VRMobileGame/Content/Widget/Time.uasset" 64
"../../../../WorkSpace/VRMobileGame/Content/BluePrint/Fire.uasset" 65
"../../../../WorkSpace/VRMobileGame/Content/AdvancedMagicFX12/Materials/M_ky_sword_black.uasset" 66
"../../../../WorkSpace/VRMobileGame/Content/AdvancedMagicFX12/Meshes/SK_ky_bigSword_anim_PhysicsAsset.uasset" 67
"../../../../WorkSpace/VRMobileGame/Content/AdvancedMagicFX12/Meshes/SK_ky_bigSword_anim.uasset" 68
"../../../../WorkSpace/VRMobileGame/Content/Character/Ch44_1002_Diffuse.uasset" 69
"../../../../WorkSpace/VRMobileGame/Content/Character/Ch44_1002_Emissive.uasset" 70
"../../../../WorkSpace/VRMobileGame/Content/Character/Ch44_1002_Glossiness.uasset" 71
"../../../../WorkSpace/VRMobileGame/Content/Character/Ch44_1002_Normal.uasset" 72
"../../../../WorkSpace/VRMobileGame/Content/Character/Ch44_1002_Specular.uasset" 73
"../../../../WorkSpace/VRMobileGame/Content/Character/Ch44_Body.uasset" 74
"../../../../WorkSpace/VRMobileGame/Content/Character/Ch44_1001_Diffuse.uasset" 75
"../../../../WorkSpace/VRMobileGame/Content/Character/Ch44_1001_Emissive.uasset" 76
"../../../../WorkSpace/VRMobileGame/Content/Character/Ch44_1001_Glossiness.uasset" 77
"../../../../WorkSpace/VRMobileGame/Content/Character/Ch44_1001_Normal.uasset" 78
"../../../../WorkSpace/VRMobileGame/Content/Character/Ch44_1001_Specular.uasset" 79
"../../../../WorkSpace/VRMobileGame/Content/Character/Ch44_body1.uasset" 80
"../../../../WorkSpace/VRMobileGame/Content/Character/Standing_Melee_Attack_Downward_PhysicsAsset.uasset" 81
"../../../../WorkSpace/VRMobileGame/Content/Character/Ghost.uasset" 82
"../../../../WorkSpace/VRMobileGame/Content/Image/back.uasset" 83
"../../../../WorkSpace/VRMobileGame/Content/Image/down_button.uasset" 84
"../../../../WorkSpace/VRMobileGame/Content/Image/next.uasset" 85
"../../../../WorkSpace/VRMobileGame/Content/Widget/VRGamePlay.uasset" 86
"../../../../WorkSpace/VRMobileGame/Content/Image/back-button.uasset" 87
"../../../../WorkSpace/VRMobileGame/Content/Widget/VRGamePlayMenu.uasset" 88
"../../../../WorkSpace/VRMobileGame/Content/BluePrint/VRPlayer.uasset" 89
"../../../../WorkSpace/VRMobileGame/Content/Character/Anim_Ghost.uasset" 90
"../../../../WorkSpace/VRMobileGame/Content/BluePrint/MobilePlayer.uasset" 91
"../../../../WorkSpace/VRMobileGame/Content/BluePrint/GameModeMobile.uasset" 92
"../../../../WorkSpace/VRMobileGame/Content/AdvancedMagicFX12/Materials/MI_ky_shockwave07_water.uasset" 93
"../../../../WorkSpace/VRMobileGame/Content/AdvancedMagicFX12/Textures/T_ky_noise5.uasset" 94
"../../../../WorkSpace/VRMobileGame/Content/AdvancedMagicFX12/Textures/T_ky_wave_nor.uasset" 95
"../../../../WorkSpace/VRMobileGame/Content/AdvancedMagicFX12/Materials/M_ky_waterDust.uasset" 96
"../../../../WorkSpace/VRMobileGame/Content/AdvancedMagicFX12/Materials/MI_ky_waterDust.uasset" 97
"../../../../WorkSpace/VRMobileGame/Content/AdvancedMagicFX12/Particles/P_ky_hit_water.uasset" 98
"../../../../WorkSpace/VRMobileGame/Content/AdvancedMagicFX12/Materials/MI_ky_aura14_water.uasset" 99
"../../../../WorkSpace/VRMobileGame/Content/AdvancedMagicFX12/Particles/P_ky_shot_water.uasset" 100
"../../../../WorkSpace/VRMobileGame/Content/BluePrint/Water.uasset" 101
"../../../../WorkSpace/VRMobileGame/Content/Character/Attack.uasset" 102
"../../../../WorkSpace/VRMobileGame/Content/Character/Great_Sword_Slash_Montage.uasset" 103
"../../../Engine/Content/VREditor/BasicMeshes/T_CleanFloorGrunge_01_D.uasset" 104
"../../../Engine/Content/VREditor/BasicMeshes/M_Floor_01.uasset" 105
"../../../../WorkSpace/VRMobileGame/Content/Geometry/Meshes/MI_Ball_01.uasset" 106
"../../../../WorkSpace/VRMobileGame/Content/Geometry/Meshes/MI_Cube_01.uasset" 107
"../../../../WorkSpace/VRMobileGame/Content/Geometry/Meshes/MI_Cube_02.uasset" 108
"../../../../WorkSpace/VRMobileGame/Content/Geometry/Meshes/MI_Cube_03.uasset" 109
"../../../../WorkSpace/VRMobileGame/Content/Geometry/Meshes/MI_Pyramid_01.uasset" 110
"../../../../WorkSpace/VRMobileGame/Content/Geometry/Meshes/M_Floor_01.uasset" 111
"../../../Engine/Content/VREditor/BasicMeshes/MI_Ball_01.uasset" 112
"../../../../WorkSpace/VRMobileGame/Content/Geometry/Meshes/SM_Ball_01.uasset" 113
"../../../Engine/Content/VREditor/BasicMeshes/MI_Cube_01.uasset" 114
"../../../../WorkSpace/VRMobileGame/Content/Geometry/Meshes/SM_Cube_01.uasset" 115
"../../../Engine/Content/VREditor/BasicMeshes/MI_Cube_02.uasset" 116
"../../../../WorkSpace/VRMobileGame/Content/Geometry/Meshes/SM_Cube_02.uasset" 117
"../../../Engine/Content/VREditor/BasicMeshes/MI_Cube_03.uasset" 118
"../../../../WorkSpace/VRMobileGame/Content/Geometry/Meshes/SM_Cube_03.uasset" 119
"../../../Engine/Content/VREditor/BasicMeshes/MI_Pyramid_01.uasset" 120
"../../../../WorkSpace/VRMobileGame/Content/Geometry/Meshes/SM_Pyramid_01.uasset" 121
"../../../../WorkSpace/VRMobileGame/Content/Geometry/Meshes/SM_Room_01.uasset" 122
"../../../../WorkSpace/VRMobileGame/Content/Mannequin/Character/Mesh/SK_Mannequin_Skeleton.uasset" 123
"../../../../WorkSpace/VRMobileGame/Content/Mannequin/Animations/ThirdPerson_Jump.uasset" 124
"../../../../WorkSpace/VRMobileGame/Content/Mannequin/Character/Mesh/SK_Mannequin_PhysicsAsset.uasset" 125
"../../../../WorkSpace/VRMobileGame/Content/Music/Helltaker_Sound.uasset" 126
"../../../../WorkSpace/VRMobileGame/Content/Music/HellTaker.uasset" 127
"../../../../WorkSpace/VRMobileGame/Content/Music/I_Wont_Lie.uasset" 128
"../../../../WorkSpace/VRMobileGame/Content/Music/IWontLie.uasset" 129
"../../../../WorkSpace/VRMobileGame/Content/Music/NewLevelSequence.uasset" 130
"../../../../WorkSpace/VRMobileGame/Content/Mannequin/Animations/ThirdPersonJump_End.uasset" 131
"../../../../WorkSpace/VRMobileGame/Content/Mannequin/Animations/ThirdPersonJump_Loop.uasset" 132
"../../../../WorkSpace/VRMobileGame/Content/Mannequin/Animations/ThirdPersonJump_Start.uasset" 133
"../../../../WorkSpace/VRMobileGame/Content/Mannequin/Animations/ThirdPersonIdle.uasset" 134
"../../../../WorkSpace/VRMobileGame/Content/Mannequin/Animations/ThirdPersonRun.uasset" 135
"../../../../WorkSpace/VRMobileGame/Content/Mannequin/Animations/ThirdPersonWalk.uasset" 136
"../../../../WorkSpace/VRMobileGame/Content/Mannequin/Animations/ThirdPerson_IdleRun_2D.uasset" 137
"../../../Engine/Content/EditorBlueprintResources/StandardMacros.uasset" 138
"../../../../WorkSpace/VRMobileGame/Content/Mannequin/Animations/ThirdPerson_AnimBP.uasset" 139
"../../../Engine/Content/Functions/Engine_MaterialFunctions02/Utility/BlendAngleCorrectedNormals.uasset" 140
"../../../Engine/Content/Functions/MaterialLayerFunctions/MatLayerBlend_NormalBlend.uasset" 141
"../../../Engine/Content/Functions/MaterialLayerFunctions/MatLayerBlend_Simple.uasset" 142
"../../../../WorkSpace/VRMobileGame/Content/Mannequin/Character/Materials/MaterialLayers/T_ML_Rubber_Blue_01_D.uasset" 143
"../../../../WorkSpace/VRMobileGame/Content/Mannequin/Character/Materials/MaterialLayers/T_ML_Rubber_Blue_01_N.uasset" 144
"../../../../WorkSpace/VRMobileGame/Content/Mannequin/Character/Materials/MaterialLayers/ML_GlossyBlack_Latex_UE4.uasset" 145
"../../../../WorkSpace/VRMobileGame/Content/Mannequin/Character/Materials/MaterialLayers/ML_Plastic_Shiny_Beige.uasset" 146
"../../../../WorkSpace/VRMobileGame/Content/Mannequin/Character/Textures/UE4_LOGO_CARD.uasset" 147
"../../../../WorkSpace/VRMobileGame/Content/Mannequin/Character/Materials/MaterialLayers/ML_Plastic_Shiny_Beige_LOGO.uasset" 148
"../../../../WorkSpace/VRMobileGame/Content/Mannequin/Character/Materials/MaterialLayers/T_ML_Aluminum01.uasset" 149
"../../../../WorkSpace/VRMobileGame/Content/Mannequin/Character/Materials/MaterialLayers/T_ML_Aluminum01_N.uasset" 150
"../../../../WorkSpace/VRMobileGame/Content/Mannequin/Character/Materials/MaterialLayers/ML_SoftMetal_UE4.uasset" 151
"../../../../WorkSpace/VRMobileGame/Content/Mannequin/Character/Textures/T_UE4_Mannequin_Mobile_M.uasset" 152
"../../../../WorkSpace/VRMobileGame/Content/Mannequin/Character/Textures/T_UE4_Mannequin_Mobile_N.uasset" 153
"../../../../WorkSpace/VRMobileGame/Content/Mannequin/Character/Materials/M_UE4Man_Body.uasset" 154
"../../../../WorkSpace/VRMobileGame/Content/Mannequin/Character/Textures/UE4Man_Logo_N.uasset" 155
"../../../../WorkSpace/VRMobileGame/Content/Mannequin/Character/Materials/M_UE4Man_ChestLogo.uasset" 156
"../../../../WorkSpace/VRMobileGame/Content/Mannequin/Character/Mesh/SK_Mannequin.uasset" 157
"../../../../WorkSpace/VRMobileGame/Content/ThirdPersonBP/Blueprints/ThirdPersonCharacter.uasset" 158
"../../../../WorkSpace/VRMobileGame/Content/ThirdPersonBP/Blueprints/ThirdPersonGameMode.uasset" 159
"../../../../WorkSpace/VRMobileGame/Content/Widget/VRPad.uasset" 160
"../../../Engine/Content/EngineMaterials/DefaultMaterial.uasset" 161
"../../../Engine/Content/BasicShapes/Cone.uasset" 162
"../../../Engine/Content/BasicShapes/Cylinder.uasset" 163
"../../../Engine/Content/BasicShapes/Plane.uasset" 164
"../../../Engine/Content/BasicShapes/Sphere.uasset" 165
"../../../Engine/Content/EditorLandscapeResources/DataLayer.uasset" 166
"../../../Engine/Content/EditorMaterials/GizmoMaterial.uasset" 167
"../../../Engine/Content/EditorMaterials/MAT_Groups_Toggle.uasset" 168
"../../../Engine/Content/EditorMaterials/MAT_Groups_Visibility.uasset" 169
"../../../Engine/Content/EditorMaterials/PreviewShadowIndicator.uasset" 170
"../../../Engine/Content/EditorMaterials/PreviewShadowIndicatorMaterial.uasset" 171
"../../../Engine/Content/EditorMaterials/MatineeGroups/MAT_ColorTrack.uasset" 172
"../../../Engine/Content/EditorMaterials/MatineeGroups/MAT_Groups_Anim.uasset" 173
"../../../Engine/Content/EditorMaterials/MatineeGroups/MAT_Groups_AudioMaster.uasset" 174
"../../../Engine/Content/EditorMaterials/MatineeGroups/MAT_Groups_Director.uasset" 175
"../../../Engine/Content/EditorMaterials/MatineeGroups/MAT_Groups_Event.uasset" 176
"../../../Engine/Content/EditorMaterials/MatineeGroups/MAT_Groups_Fade.uasset" 177
"../../../Engine/Content/EditorMaterials/MatineeGroups/MAT_Groups_Float.uasset" 178
"../../../Engine/Content/EditorMaterials/MatineeGroups/MAT_Groups_Move.uasset" 179
"../../../Engine/Content/EditorMaterials/MatineeGroups/MAT_Groups_Slomo.uasset" 180
"../../../Engine/Content/EditorMaterials/MatineeGroups/MAT_Groups_Sound.uasset" 181
"../../../Engine/Content/EditorMaterials/MatineeGroups/MAT_Groups_Vector.uasset" 182
"../../../Engine/Content/EditorMaterials/ParticleSystems/PSysThumbnail_NoImage.uasset" 183
"../../../Engine/Content/EditorMaterials/ParticleSystems/PSysThumbnail_OOD.uasset" 184
"../../../Engine/Content/EditorMaterials/Camera/CineMat.uasset" 185
"../../../Engine/Content/EditorMaterials/Camera/MI_CineMat_Rig.uasset" 186
"../../../Engine/Content/EditorMeshes/Camera/SM_CraneRig_Arm.uasset" 187
"../../../Engine/Content/EditorMeshes/Camera/SM_CraneRig_Base.uasset" 188
"../../../Engine/Content/EditorMeshes/Camera/SM_CraneRig_Body.uasset" 189
"../../../Engine/Content/EditorMeshes/Camera/SM_CraneRig_Mount.uasset" 190
"../../../Engine/Content/EditorMeshes/Camera/SM_RailRig_Mount.uasset" 191
"../../../Engine/Content/EditorMeshes/Camera/SM_RailRig_Track.uasset" 192
"../../../Engine/Content/EditorMeshes/ColorCalibrator/M_ChromeBall.uasset" 193
"../../../Engine/Content/EditorMeshes/ColorCalibrator/M_ClearCoat.uasset" 194
"../../../Engine/Content/EditorMeshes/ColorCalibrator/M_ClearCoatBlack.uasset" 195
"../../../Engine/Content/EditorMeshes/ColorCalibrator/Color_checker.uasset" 196
"../../../Engine/Content/EditorMeshes/ColorCalibrator/M_ColorGrid.uasset" 197
"../../../Engine/Content/EditorMeshes/ColorCalibrator/M_GreyBall.uasset" 198
"../../../Engine/Content/EditorMeshes/ColorCalibrator/SM_ColorCalibrator.uasset" 199
"../../../Engine/Content/EditorResources/BSPVertex.uasset" 200
"../../../Engine/Content/EditorResources/EmptyActor.uasset" 201
"../../../Engine/Content/EditorResources/S_Actor.uasset" 202
"../../../Engine/Content/EditorResources/S_Trigger.uasset" 203
"../../../Engine/Content/EditorResources/LightIcons/S_LightError.uasset" 204
"../../../Engine/Content/EditorResources/SequenceRecorder/Countdown.uasset" 205
"../../../Engine/Content/EditorResources/SequenceRecorder/RecordingIndicator.uasset" 206
"../../../Engine/Content/EditorSounds/Notifications/CompileFailed.uasset" 207
"../../../Engine/Content/EditorSounds/Notifications/CompileFailed_Cue.uasset" 208
"../../../Engine/Content/EditorSounds/Notifications/CompileSuccess.uasset" 209
"../../../Engine/Content/EditorSounds/Notifications/CompileStart_Cue.uasset" 210
"../../../Engine/Content/EditorSounds/Notifications/CompileSuccess_Cue.uasset" 211
"../../../Engine/Content/EngineDamageTypes/DmgTypeBP_Environmental.uasset" 212
"../../../Engine/Content/EngineDebugMaterials/HeatmapGradient.uasset" 213
"../../../Engine/Content/EngineDebugMaterials/BoneWeightMaterial.uasset" 214
"../../../Engine/Content/EngineDebugMaterials/ClothMaterial.uasset" 215
"../../../Engine/Content/EngineDebugMaterials/ClothMaterial_WF.uasset" 216
"../../../Engine/Content/EngineDebugMaterials/DebugEditorMaterial.uasset" 217
"../../../Engine/Content/EngineDebugMaterials/DebugMeshMaterial.uasset" 218
"../../../Engine/Content/EngineDebugMaterials/GeomMaterial.uasset" 219
"../../../Engine/Content/EngineFonts/Faces/RobotoBold.uasset" 220
"../../../Engine/Content/EngineFonts/Faces/RobotoBoldItalic.uasset" 221
"../../../Engine/Content/EngineFonts/Faces/RobotoItalic.uasset" 222
"../../../Engine/Content/EngineFonts/Faces/RobotoLight.uasset" 223
"../../../Engine/Content/EngineFonts/Faces/RobotoRegular.uasset" 224
"../../../Engine/Content/EngineFonts/Roboto.uasset" 225
"../../../Engine/Content/EngineFonts/Faces/RobotoTiny.uasset" 226
"../../../Engine/Content/EngineFonts/RobotoTiny.uasset" 227
"../../../Engine/Content/EngineMaterials/DefaultBloomKernel.uasset" 228
"../../../Engine/Content/EngineMaterials/DefaultBokeh.uasset" 229
"../../../Engine/Content/EngineMaterials/DefaultDiffuse.uasset" 230
"../../../Engine/Content/EngineMaterials/DefaultDeferredDecalMaterial.uasset" 231
"../../../Engine/Content/EngineMaterials/DefaultLightFunctionMaterial.uasset" 232
"../../../Engine/Content/EngineMaterials/DefaultPhysicalMaterial.uasset" 233
"../../../Engine/Content/Functions/Engine_MaterialFunctions02/Utility/BreakOutFloat2Components.uasset" 234
"../../../Engine/Content/EngineMaterials/DefaultPostProcessMaterial.uasset" 235
"../../../Engine/Content/EngineFonts/RobotoDistanceField.uasset" 236
"../../../Engine/Content/EngineMaterials/DefaultTextMaterialOpaque.uasset" 237
"../../../Engine/Content/EngineMaterials/DefaultWhiteGrid.uasset" 238
"../../../Engine/Content/EngineMaterials/EditorBrushMaterial.uasset" 239
"../../../Engine/Content/EngineMaterials/Good64x64TilingNoiseHighFreq.uasset" 240
"../../../Engine/Content/EngineMaterials/MiniFont.uasset" 241
"../../../Engine/Content/EngineMaterials/InvalidLightmapSettings.uasset" 242
"../../../Engine/Content/EngineMaterials/M_InvalidLightmapSettings.uasset" 243
"../../../Engine/Content/Functions/Engine_MaterialFunctions02/WorldPositionOffset/CameraOffset.uasset" 244
"../../../Engine/Content/EngineMaterials/PhAT_JointLimitMaterial.uasset" 245
"../../../Engine/Content/EngineMaterials/PreintegratedSkinBRDF.uasset" 246
"../../../Engine/Content/EngineMaterials/RemoveSurfaceMaterial.uasset" 247
"../../../Engine/Content/EngineMaterials/WeightMapPlaceholderTexture.uasset" 248
"../../../Engine/Content/EngineResources/WhiteSquareTexture.uasset" 249
"../../../Engine/Content/EngineMaterials/Widget3DPassThrough.uasset" 250
"../../../Engine/Content/EngineMaterials/Widget3DPassThrough_Masked.uasset" 251
"../../../Engine/Content/EngineMaterials/Widget3DPassThrough_Opaque.uasset" 252
"../../../Engine/Content/EngineMaterials/Widget3DPassThrough_Masked_OneSided.uasset" 253
"../../../Engine/Content/EngineMaterials/Widget3DPassThrough_Opaque_OneSided.uasset" 254
"../../../Engine/Content/EngineMaterials/Widget3DPassThrough_Translucent.uasset" 255
"../../../Engine/Content/EngineMaterials/Widget3DPassThrough_Translucent_OneSided.uasset" 256
"../../../Engine/Content/EngineMeshes/Cube.uasset" 257
"../../../Engine/Content/EngineMeshes/Cylinder.uasset" 258
"../../../Engine/Content/EngineMeshes/Sphere.uasset" 259
"../../../Engine/Content/EngineResources/Black.uasset" 260
"../../../Engine/Content/EngineResources/DefaultTextureCube.uasset" 261
"../../../Engine/Content/EngineResources/GradientTexture0.uasset" 262
"../../../Engine/Content/EngineSounds/Master.uasset" 263
"../../../Engine/Content/Functions/Engine_MaterialFunctions01/Shading/ConvertFromDiffSpec.uasset" 264
"../../../Engine/Content/Functions/Engine_MaterialFunctions01/Shading/PowerToRoughness.uasset" 265
"../../../Engine/Content/Maps/Templates/Thumbnails/Default.uasset" 266
"../../../Engine/Content/Maps/Templates/Thumbnails/VR-Basic.uasset" 267
"../../../Engine/Content/MobileResources/T_MobileControls_texture.uasset" 268
"../../../Engine/Content/MobileResources/T_MobileMenu2.uasset" 269
"../../../Engine/Content/MobileResources/HUD/AnalogHat.uasset" 270
"../../../Engine/Content/MobileResources/HUD/VirtualJoystick_Background.uasset" 271
"../../../Engine/Content/MobileResources/HUD/VirtualJoystick_Thumb.uasset" 272
"../../../Engine/Content/MobileResources/HUD/DefaultVirtualJoysticks.uasset" 273
"../../../Engine/Content/MobileResources/HUD/LeftVirtualJoystickOnly.uasset" 274
"../../../Engine/Content/MobileResources/HUD/MobileHUDButton1_off.uasset" 275
"../../../Engine/Content/MobileResources/HUD/MobileHUDButton1_on.uasset" 276
"../../../Engine/Content/MobileResources/HUD/MobileHUDButton2_off.uasset" 277
"../../../Engine/Content/MobileResources/HUD/MobileHUDButton2_on.uasset" 278
"../../../Engine/Content/MobileResources/HUD/MobileHUDButton3.uasset" 279
"../../../Engine/Content/MobileResources/HUD/MobileHUDButtonFire.uasset" 280
"../../../Engine/Content/MobileResources/HUD/MobileHUDDirectionPad.uasset" 281
"../../../Engine/Content/MobileResources/HUD/MobileHUDDirectionPad2.uasset" 282
"../../../Engine/Content/MobileResources/HUD/MobileHUDDirectionPad3.uasset" 283
"../../../Engine/Content/MobileResources/HUD/MobileHUDDirectionStick.uasset" 284
"../../../Engine/Content/MobileResources/HUD/T_Castle_ThumbstickInner.uasset" 285
"../../../Engine/Content/MobileResources/HUD/T_Castle_ThumbstickOutter.uasset" 286
"../../../Engine/Content/Tutorial/ContentIntroCurve.uasset" 287
"../../../Engine/Content/Tutorial/Basics/TutorialAssets/icon_tab_Levels_40x.uasset" 288
"../../../Engine/Content/Tutorial/BlueprintTutorials/TutorialAssets/BlueprintInterface_64x.uasset" 289
"../../../Engine/Content/Tutorial/BlueprintTutorials/TutorialAssets/BlueprintMacroLibrary_64x.uasset" 290
"../../../Engine/Content/Tutorial/BlueprintTutorials/TutorialAssets/Blueprint_64x.uasset" 291
"../../../Engine/Content/Tutorial/BlueprintTutorials/TutorialAssets/Tutorial_BP_Interface.uasset" 292
"../../../Engine/Content/Tutorial/Foliage/TutorialAssets/Foliage.uasset" 293
"../../../Engine/Content/Tutorial/Landscape/TutorialAssets/Landscape.uasset" 294
"../../../Engine/Content/Tutorial/Mobile/TutorialAssets/android_Icon.uasset" 295
"../../../Engine/Content/Tutorial/Paper2D/TutorialAssets/Paper2DFlipbook_TutorialIcon.uasset" 296
"../../../Engine/Content/Tutorial/Paper2D/TutorialAssets/Paper2DSprite_TutorialIcon.uasset" 297
"../../../Engine/Content/Tutorial/SubEditors/TutorialAssets/icon_Editor_Preferences_General_40x.uasset" 298
"../../../Engine/Content/Tutorial/SubEditors/TutorialAssets/icon_ShowSkeletalMeshes_40x.uasset" 299
"../../../Engine/Content/Tutorial/SubEditors/TutorialAssets/TutorialMaterial.uasset" 300
"../../../Engine/Content/Tutorial/SubEditors/TutorialAssets/T_SmokeSubUV_8X8.uasset" 301
"../../../Engine/Content/Tutorial/SubEditors/TutorialAssets/T_soft_smoke.uasset" 302
"../../../Engine/Content/Tutorial/SubEditors/TutorialAssets/M_smoke_subUV_blackbody.uasset" 303
"../../../Engine/Content/Tutorial/SubEditors/TutorialAssets/TutorialParticleSystem.uasset" 304
"../../../Engine/Content/VREditor/Devices/Generic/GenericHMDMaterial.uasset" 305
"../../../Engine/Content/VREditor/Devices/Generic/GenericHMD.uasset" 306
"../../../Engine/Content/Functions/Engine_MaterialFunctions02/Utility/BreakOutFloat3Components.uasset" 307
"../../../Engine/Content/VREditor/Devices/Vive/VivePreController_MasksB.uasset" 308
"../../../Engine/Content/VREditor/Devices/Oculus/OculusControllerMaterial.uasset" 309
"../../../Engine/Content/VREditor/Devices/Oculus/OculusControllerMaterial_Inst.uasset" 310
"../../../Engine/Content/VREditor/Devices/Oculus/OculusControllerMesh.uasset" 311
"../../../Engine/Content/VREditor/Devices/Vive/T_VivePreController_EM.uasset" 312
"../../../Engine/Content/VREditor/Devices/Vive/VivePreController_MasksA.uasset" 313
"../../../Engine/Content/VREditor/Devices/Vive/VivePreControllerDiffuse.uasset" 314
"../../../Engine/Content/VREditor/Devices/Vive/VivePreControllerSpec.uasset" 315
"../../../Engine/Content/VREditor/LaserPointer/VR_LaserPower_01.uasset" 316
"../../../Engine/Content/VREditor/Devices/Vive/VivePreControllerMaterial.uasset" 317
"../../../Engine/Content/VREditor/Devices/Vive/VivePreControllerMaterial_Inst.uasset" 318
"../../../Engine/Content/VREditor/Devices/Vive/VivePreControllerMesh.uasset" 319
"../../../Engine/Content/VREditor/FloatingText/LineMaterial.uasset" 320
"../../../Engine/Content/VREditor/FloatingText/JointSphere.uasset" 321
"../../../Engine/Content/VREditor/FloatingText/LineSegmentCylinder.uasset" 322
"../../../Engine/Content/VREditor/Fonts/VRText_RobotoLarge.uasset" 323
"../../../Engine/Content/VREditor/Fonts/VRTextMaterial.uasset" 324
"../../../Engine/Content/VREditor/Fonts/TranslucentVRTextMaterial.uasset" 325
"../../../Engine/Content/VREditor/LaserPointer/CursorPointer.uasset" 326
"../../../Engine/Content/VREditor/TransformGizmo/TransformGizmoMaterial.uasset" 327
"../../../Engine/Content/VREditor/LaserPointer/HoverMaterial.uasset" 328
"../../../Engine/Content/VREditor/TransformGizmo/TranslucentTransformGizmoMaterial.uasset" 329
"../../../Engine/Content/VREditor/LaserPointer/TranslucentHoverMaterial.uasset" 330
"../../../Engine/Content/VREditor/LaserPointer/HoverMesh.uasset" 331
"../../../Engine/Content/VREditor/LaserPointer/LaserPointerMaterial.uasset" 332
"../../../Engine/Content/VREditor/LaserPointer/LaserPointerMaterialInst.uasset" 333
"../../../Engine/Content/VREditor/LaserPointer/TranslucentLaserPointerMaterialInst.uasset" 334
"../../../Engine/Content/VREditor/LaserPointer/LaserPointerMesh.uasset" 335
"../../../Engine/Content/VREditor/LaserPointer/LaserPointerMesh_End.uasset" 336
"../../../Engine/Content/VREditor/LaserPointer/LaserPointerMesh_Start.uasset" 337
"../../../Engine/Content/VREditor/Sounds/VR_teleport.uasset" 338
"../../../Engine/Content/VREditor/Sounds/UI/Click_on_Button.uasset" 339
"../../../Engine/Content/VREditor/Sounds/UI/Click_on_Button_Cue.uasset" 340
"../../../Engine/Content/VREditor/Sounds/UI/Dockable_Window_Close.uasset" 341
"../../../Engine/Content/VREditor/Sounds/UI/Dockable_Window_Drop.uasset" 342
"../../../Engine/Content/VREditor/Sounds/UI/Dockable_Window_Open.uasset" 343
"../../../Engine/Content/VREditor/Sounds/UI/Dockable_Window_Pick_Up.uasset" 344
"../../../Engine/Content/VREditor/Sounds/UI/Drop_Item_From_ContentBrowser.uasset" 345
"../../../Engine/Content/VREditor/Sounds/UI/Floating_UI_Open-001.uasset" 346
"../../../Engine/Content/VREditor/Sounds/UI/Radial_Menu_FadeOut.uasset" 347
"../../../Engine/Content/VREditor/Sounds/UI/Teleport_Mode_Entered.uasset" 348
"../../../Engine/Content/VREditor/Teleport/TeleportDirectionMaterial.uasset" 349
"../../../Engine/Content/VREditor/Teleport/TeleportDirectionMaterial_Inst.uasset" 350
"../../../Engine/Content/VREditor/Teleport/TeleportDirectionMesh.uasset" 351
"../../../Engine/Content/VREditor/TransformGizmo/BoundingBoxCorner.uasset" 352
"../../../Engine/Content/VREditor/TransformGizmo/BoundingBoxEdge.uasset" 353
"../../../Engine/Content/VREditor/TransformGizmo/PlaneTranslationHandle.uasset" 354
"../../../Engine/Content/VREditor/TransformGizmo/Main.uasset" 355
"../../../Engine/Content/VREditor/TransformGizmo/Xray.uasset" 356
"../../../Engine/Content/VREditor/TransformGizmo/SM_Dialog_Close.uasset" 357
"../../../Engine/Content/VREditor/TransformGizmo/SM_Dialog_Move.uasset" 358
"../../../Engine/Content/VREditor/TransformGizmo/SM_Sequencer_Key.uasset" 359
"../../../Engine/Content/VREditor/TransformGizmo/SM_Sequencer_Node.uasset" 360
"../../../Engine/Content/VREditor/TransformGizmo/TransformGizmoMaterial_Inst.uasset" 361
"../../../Engine/Content/VREditor/TransformGizmo/TranslucentTransformGizmoMaterial_Inst.uasset" 362
"../../../Engine/Content/VREditor/Devices/Vive/UE4_Logo.uasset" 363
"../../../Engine/Content/VREditor/UI/M_ContentWindow.uasset" 364
"../../../Engine/Content/VREditor/UI/SM_ContentWindow_01.uasset" 365
"../../../Engine/Content/VREditor/UI/KeyDiskMaterial.uasset" 366
"../../../Engine/Content/VREditor/UI/DiscMaterial.uasset" 367
"../../../Engine/Content/VREditor/UI/SM_Radial_Disk.uasset" 368
"../../../Engine/Content/VREditor/UI/ArrowMaterial.uasset" 369
"../../../Engine/Content/VREditor/UI/SM_Radial_Pointer.uasset" 370
"../../../Engine/Content/Functions/Engine_MaterialFunctions01/Gradient/RadialGradient.uasset" 371
"../../../Engine/Content/VREditor/WorldMovementGrid/SimpleGrid.uasset" 372
"../../../Engine/Content/VREditor/WorldMovementGrid/GridMaterial.uasset" 373
"../../../Engine/Content/VREditor/WorldMovementGrid/GridPostProcess.uasset" 374
"../../../Engine/Content/EditorLandscapeResources/FlattenHeightMat.uasset" 375
"../../../Engine/Content/VREditor/WorldMovementGrid/PlaneMesh.uasset" 376
"../../Plugins/2D/Paper2D/Content/PlaceholderTextures/DummySpriteTexture.uasset" 377
"../../Plugins/2D/Paper2D/Content/DummySprite.uasset" 378
"../../Plugins/2D/Paper2D/Content/DefaultPaperTerrainMaterial.uasset" 379
"../../Plugins/2D/Paper2D/Content/DefaultSpriteMaterial.uasset" 380
"../../Plugins/2D/Paper2D/Content/MaskedUnlitSpriteMaterial.uasset" 381
"../../Plugins/2D/Paper2D/Content/OpaqueUnlitSpriteMaterial.uasset" 382
"../../Plugins/Media/MediaCompositing/Content/DefaultMediaPlaneTexture.uasset" 383
"../../Plugins/Media/MediaCompositing/Content/DefaultMediaPlaneMaterial.uasset" 384
"../../../Engine/Content/Functions/Engine_MaterialFunctions02/Utility/MakeFloat4.uasset" 385
"../../Plugins/Runtime/AppleARKit/Content/ARKitCameraMaterial.uasset" 386
"../../Plugins/Runtime/Oculus/OculusVR/Content/Textures/GearVRController_AO.uasset" 387
"../../Plugins/Runtime/Oculus/OculusVR/Content/Textures/GearVRController_Color.uasset" 388
"../../Plugins/Runtime/Oculus/OculusVR/Content/Textures/GearVRController_Normal.uasset" 389
"../../Plugins/Runtime/Oculus/OculusVR/Content/Materials/GearVRControllerMaterial.uasset" 390
"../../Plugins/Runtime/Oculus/OculusVR/Content/Meshes/GearVrController.uasset" 391
"../../../../WorkSpace/VRMobileGame/Content/Image/NomalMode.uasset" 392
"../../../../WorkSpace/VRMobileGame/Content/Image/VRmode.uasset" 393
"../../../../WorkSpace/VRMobileGame/Content/Widget/Loby.uasset" 394
"../../../../WorkSpace/VRMobileGame/Content/Maps/Loby.umap" 395
"../../../Engine/Content/EngineSky/C_Sky_Cloud_Color.uasset" 396
"../../../Engine/Content/EngineSky/C_Sky_Horizon_Color.uasset" 397
"../../../Engine/Content/EngineSky/C_Sky_Zenith_Color.uasset" 398
"../../../Engine/Content/EngineSky/T_Sky_Blue.uasset" 399
"../../../Engine/Content/EngineSky/T_Sky_Clouds_M.uasset" 400
"../../../Engine/Content/EngineSky/T_Sky_Stars.uasset" 401
"../../../Engine/Content/EngineSky/M_Sky_Panning_Clouds2.uasset" 402
"../../../Engine/Content/EngineSky/SM_SkySphere.uasset" 403
"../../../Engine/Content/EngineSky/BP_Sky_Sphere.uasset" 404
"../../../../WorkSpace/VRMobileGame/Content/BluePrint/SpawnPoint.uasset" 405
"../../../Engine/Content/BasicShapes/Cube.uasset" 406
"../../../../WorkSpace/VRMobileGame/Content/Widget/MobileGamePlay.uasset" 407
"../../../../WorkSpace/VRMobileGame/Content/Maps/Mobile_Level1.umap" 408
"../../../../WorkSpace/VRMobileGame/Content/Maps/VR_Level1.umap" 409
"../../../../WorkSpace/VRMobileGame/Content/ThirdPersonBP/Maps/ThirdPersonExampleMap_BuiltData.uasset" 410
"../../../../WorkSpace/VRMobileGame/Content/Geometry/Meshes/CubeMaterial.uasset" 411
"../../../../WorkSpace/VRMobileGame/Content/Geometry/Meshes/1M_Cube.uasset" 412
"../../../../WorkSpace/VRMobileGame/Content/Geometry/Meshes/1M_Cube_Chamfer.uasset" 413
"../../../../WorkSpace/VRMobileGame/Content/Geometry/Meshes/TemplateFloor.uasset" 414
"../../../../WorkSpace/VRMobileGame/Content/ThirdPerson/Meshes/RampMaterial.uasset" 415
"../../../../WorkSpace/VRMobileGame/Content/ThirdPerson/Meshes/Bump_StaticMesh.uasset" 416
"../../../../WorkSpace/VRMobileGame/Content/ThirdPerson/Meshes/LeftArm_StaticMesh.uasset" 417
"../../../../WorkSpace/VRMobileGame/Content/ThirdPerson/Meshes/Linear_Stair_StaticMesh.uasset" 418
"../../../../WorkSpace/VRMobileGame/Content/ThirdPerson/Meshes/Ramp_StaticMesh.uasset" 419
"../../../../WorkSpace/VRMobileGame/Content/ThirdPerson/Meshes/RightArm_StaticMesh.uasset" 420
"../../../../WorkSpace/VRMobileGame/Content/ThirdPersonBP/Maps/ThirdPersonExampleMap.umap" 421
"../../../Engine/Content/Maps/Entry.umap" 422
